<?xml version="1.0" encoding="UTF-8" ?>
<testsuite failures="0" time="0.143" errors="0" skipped="0" tests="4" name="com.fee.service.impl.ServiceItemServiceTest">
  <properties>
[...]
</properties>
  <testcase time="0.003" classname="com.fee.service.impl.ServiceItemServiceTest" name="testUpdateServiceitem"/>
  <testcase time="0.074" classname="com.fee.service.impl.ServiceItemServiceTest" name="testFindServiceitem"/>
  <testcase time="0.006" classname="com.fee.service.impl.ServiceItemServiceTest" name="testDeleteServiceitem"/>
  <testcase time="0.057" classname="com.fee.service.impl.ServiceItemServiceTest" name="testAddServiceitem"/>
</testsuite>